<?xml version="1.0" encoding="UTF-8"?>
<!-- Generated by org.testng.reporters.JUnitReportReporter -->
<testsuite skipped="0" hostname="LAPTOP-RR3CPL0S" name="com.qa.testcases.HomePageSearch" tests="1" failures="0" timestamp="2020-08-20T21:11:51 IST" time="0.948" errors="0">
  <testcase name="homePageTest1" time="0.948" classname="com.qa.testcases.HomePageSearch"/>
  <system-out/>
</testsuite> <!-- com.qa.testcases.HomePageSearch -->
