<?xml version="1.0" encoding="UTF-8"?>
<!-- Generated by org.testng.reporters.JUnitReportReporter -->
<testsuite skipped="0" hostname="LAPTOP-RR3CPL0S" name="com.qa.testcases.FirstPageFlightsTest" tests="2" failures="0" timestamp="2020-08-21T01:50:49 IST" time="4.462" errors="0">
  <testcase name="SearchTokenExtractTest" time="0.919" classname="com.qa.testcases.FirstPageFlightsTest"/>
  <system-out/>
  <testcase name="FlightsSearchTest" time="3.543" classname="com.qa.testcases.FirstPageFlightsTest"/>
  <system-out/>
</testsuite> <!-- com.qa.testcases.FirstPageFlightsTest -->
