<?xml version="1.0" encoding="UTF-8"?>
<!-- Generated by org.testng.reporters.JUnitReportReporter -->
<testsuite skipped="0" hostname="LAPTOP-RR3CPL0S" name="com.qa.testcases.FirstPageFlightsTest" tests="2" failures="0" timestamp="2020-08-21T02:07:54 IST" time="4.803" errors="0">
  <testcase name="SearchTokenExtractTest" time="0.975" classname="com.qa.testcases.FirstPageFlightsTest"/>
  <system-out/>
  <testcase name="FlightsSearchTest" time="3.828" classname="com.qa.testcases.FirstPageFlightsTest"/>
  <system-out/>
</testsuite> <!-- com.qa.testcases.FirstPageFlightsTest -->
